Using pre-set license
Built from '2022.3/staging' branch; Version is '2022.3.19f1 (244b723c30a6) revision 2378610'; Using compiler version '192829333'; Build Type 'Release'
OS: 'Windows 11  (10.0.22631) 64bit Core' Language: 'en' Physical Memory: 130834 MB
BatchMode: 1, IsHumanControllingUs: 0, StartBugReporterOnCrash: 0, Is64bit: 1, IsPro: 1

COMMAND LINE ARGUMENTS:
C:\Program Files\Unity\Hub\Editor\2022.3.19f1\Editor\Unity.exe
-adb2
-batchMode
-noUpm
-name
AssetImportWorker4
-projectPath
C:/Users/Owner/Documents/GitHub/VRGolf
-logFile
Logs/AssetImportWorker4.log
-srvPort
51063
Successfully changed project path to: C:/Users/Owner/Documents/GitHub/VRGolf
C:/Users/Owner/Documents/GitHub/VRGolf
[UnityMemory] Configuration Parameters - Can be set up in boot.config
    "memorysetup-bucket-allocator-granularity=16"
    "memorysetup-bucket-allocator-bucket-count=8"
    "memorysetup-bucket-allocator-block-size=33554432"
    "memorysetup-bucket-allocator-block-count=8"
    "memorysetup-main-allocator-block-size=16777216"
    "memorysetup-thread-allocator-block-size=16777216"
    "memorysetup-gfx-main-allocator-block-size=16777216"
    "memorysetup-gfx-thread-allocator-block-size=16777216"
    "memorysetup-cache-allocator-block-size=4194304"
    "memorysetup-typetree-allocator-block-size=2097152"
    "memorysetup-profiler-bucket-allocator-granularity=16"
    "memorysetup-profiler-bucket-allocator-bucket-count=8"
    "memorysetup-profiler-bucket-allocator-block-size=33554432"
    "memorysetup-profiler-bucket-allocator-block-count=8"
    "memorysetup-profiler-allocator-block-size=16777216"
    "memorysetup-profiler-editor-allocator-block-size=1048576"
    "memorysetup-temp-allocator-size-main=16777216"
    "memorysetup-job-temp-allocator-block-size=2097152"
    "memorysetup-job-temp-allocator-block-size-background=1048576"
    "memorysetup-job-temp-allocator-reduction-small-platforms=262144"
    "memorysetup-allocator-temp-initial-block-size-main=262144"
    "memorysetup-allocator-temp-initial-block-size-worker=262144"
    "memorysetup-temp-allocator-size-background-worker=32768"
    "memorysetup-temp-allocator-size-job-worker=262144"
    "memorysetup-temp-allocator-size-preload-manager=33554432"
    "memorysetup-temp-allocator-size-nav-mesh-worker=65536"
    "memorysetup-temp-allocator-size-audio-worker=65536"
    "memorysetup-temp-allocator-size-cloud-worker=32768"
    "memorysetup-temp-allocator-size-gi-baking-worker=262144"
    "memorysetup-temp-allocator-size-gfx=262144"
Player connection [30544] Host "[IP] 10.183.131.176 [Port] 0 [Flags] 2 [Guid] 1726026679 [EditorId] 1726026679 [Version] 1048832 [Id] WindowsEditor(7,DESKTOP-C7RVOC1) [Debug] 1 [PackageName] WindowsEditor [ProjectName] Editor" joined multi-casting on [225.0.0.222:54997]...

Player connection [30544] Host "[IP] 10.183.131.176 [Port] 0 [Flags] 2 [Guid] 1726026679 [EditorId] 1726026679 [Version] 1048832 [Id] WindowsEditor(7,DESKTOP-C7RVOC1) [Debug] 1 [PackageName] WindowsEditor [ProjectName] Editor" joined alternative multi-casting on [225.0.0.222:34997]...

[Physics::Module] Initialized MultithreadedJobDispatcher with 31 workers.
Refreshing native plugins compatible for Editor in 13.78 ms, found 16 plugins.
Preloading 2 native plugins for Editor in 1.32 ms.
Initialize engine version: 2022.3.19f1 (244b723c30a6)
[Subsystems] Discovering subsystems at path C:/Program Files/Unity/Hub/Editor/2022.3.19f1/Editor/Data/Resources/UnitySubsystems
[Subsystems] Discovering subsystems at path C:/Users/Owner/Documents/GitHub/VRGolf/Assets
GfxDevice: creating device client; threaded=0; jobified=0
Direct3D:
    Version:  Direct3D 11.0 [level 11.1]
    Renderer: NVIDIA GeForce RTX 4080 (ID=0x2704)
    Vendor:   NVIDIA
    VRAM:     16064 MB
    Driver:   31.0.15.3203
Shader 'Oculus/OVRMRCameraFrameLit': fallback shader 'Alpha-Diffuse' not found
Initialize mono
Mono path[0] = 'C:/Program Files/Unity/Hub/Editor/2022.3.19f1/Editor/Data/Managed'
Mono path[1] = 'C:/Program Files/Unity/Hub/Editor/2022.3.19f1/Editor/Data/MonoBleedingEdge/lib/mono/unityjit-win32'
Mono config path = 'C:/Program Files/Unity/Hub/Editor/2022.3.19f1/Editor/Data/MonoBleedingEdge/etc'
Using monoOptions --debugger-agent=transport=dt_socket,embedding=1,server=y,suspend=n,address=127.0.0.1:56136
Begin MonoManager ReloadAssembly
Registering precompiled unity dll's ...
Register platform support module: C:/Program Files/Unity/Hub/Editor/2022.3.19f1/Editor/Data/PlaybackEngines/WindowsStandaloneSupport/UnityEditor.WindowsStandalone.Extensions.dll
Registered in 0.002863 seconds.
- Loaded All Assemblies, in  0.177 seconds
Native extension for WindowsStandalone target not found
Mono: successfully reloaded assembly
- Finished resetting the current domain, in  0.133 seconds
Domain Reload Profiling: 309ms
	BeginReloadAssembly (56ms)
		ExecutionOrderSort (0ms)
		DisableScriptedObjects (0ms)
		BackupInstance (0ms)
		ReleaseScriptingObjects (0ms)
		CreateAndSetChildDomain (0ms)
	RebuildCommonClasses (18ms)
	RebuildNativeTypeToScriptingClass (5ms)
	initialDomainReloadingComplete (27ms)
	LoadAllAssembliesAndSetupDomain (70ms)
		LoadAssemblies (55ms)
		RebuildTransferFunctionScriptingTraits (0ms)
		AnalyzeDomain (69ms)
			TypeCache.Refresh (68ms)
				TypeCache.ScanAssembly (60ms)
			ScanForSourceGeneratedMonoScriptInfo (0ms)
			ResolveRequiredComponents (0ms)
	FinalizeReload (133ms)
		ReleaseScriptCaches (0ms)
		RebuildScriptCaches (0ms)
		SetupLoadedEditorAssemblies (104ms)
			LogAssemblyErrors (0ms)
			InitializePlatformSupportModulesInManaged (4ms)
			SetLoadedEditorAssemblies (4ms)
			RefreshPlugins (0ms)
			BeforeProcessingInitializeOnLoad (1ms)
			ProcessInitializeOnLoadAttributes (72ms)
			ProcessInitializeOnLoadMethodAttributes (23ms)
			AfterProcessingInitializeOnLoad (0ms)
			EditorAssembliesLoaded (0ms)
		ExecutionOrderSort2 (0ms)
		AwakeInstancesAfterBackupRestoration (0ms)
========================================================================
Worker process is ready to serve import requests
Begin MonoManager ReloadAssembly
- Loaded All Assemblies, in  0.428 seconds
Refreshing native plugins compatible for Editor in 8.71 ms, found 16 plugins.
Native extension for WindowsStandalone target not found
Package Manager log level set to [2]
[Package Manager] Server::EnsureServerProcessIsRunning -- launch failed, reason: Unity was launched with the -noUpm command-line argument
[Package Manager] UpmClient::Send -- Unable to send message (not connected to UPM process).
[Package Manager] Cannot connect to Unity Package Manager local server
[Package Manager] Server::EnsureServerProcessIsRunning -- launch failed, reason: Unity was launched with the -noUpm command-line argument
[Package Manager] UpmClient::Send -- Unable to send message (not connected to UPM process).
[Package Manager] Cannot connect to Unity Package Manager local server
[Package Manager] Server::EnsureServerProcessIsRunning -- launch failed, reason: Unity was launched with the -noUpm command-line argument
[Package Manager] UpmClient::Send -- Unable to send message (not connected to UPM process).
[Package Manager] Cannot connect to Unity Package Manager local server
[XR] OculusXRPlugin: registering subsystems
[XR] Unable to register display lifecyle provider: [1]
[XR] Oculus Input lifecycle provider registered.
[XR] Unable to register input lifecyle provider: [1]
[XR] OVRP version 1.89.0
Mono: successfully reloaded assembly
[Package Manager] Server::EnsureServerProcessIsRunning -- launch failed, reason: Unity was launched with the -noUpm command-line argument
[Package Manager] UpmClient::Send -- Unable to send message (not connected to UPM process).
[Package Manager] Cannot connect to Unity Package Manager local server
[Package Manager] Server::EnsureServerProcessIsRunning -- launch failed, reason: Unity was launched with the -noUpm command-line argument
[Package Manager] UpmClient::Send -- Unable to send message (not connected to UPM process).
[Package Manager] Cannot connect to Unity Package Manager local server
- Finished resetting the current domain, in  0.506 seconds
Domain Reload Profiling: 932ms
	BeginReloadAssembly (81ms)
		ExecutionOrderSort (0ms)
		DisableScriptedObjects (3ms)
		BackupInstance (0ms)
		ReleaseScriptingObjects (0ms)
		CreateAndSetChildDomain (12ms)
	RebuildCommonClasses (18ms)
	RebuildNativeTypeToScriptingClass (5ms)
	initialDomainReloadingComplete (22ms)
	LoadAllAssembliesAndSetupDomain (300ms)
		LoadAssemblies (188ms)
		RebuildTransferFunctionScriptingTraits (0ms)
		AnalyzeDomain (161ms)
			TypeCache.Refresh (123ms)
				TypeCache.ScanAssembly (110ms)
			ScanForSourceGeneratedMonoScriptInfo (24ms)
			ResolveRequiredComponents (12ms)
	FinalizeReload (506ms)
		ReleaseScriptCaches (0ms)
		RebuildScriptCaches (0ms)
		SetupLoadedEditorAssemblies (395ms)
			LogAssemblyErrors (0ms)
			InitializePlatformSupportModulesInManaged (3ms)
			SetLoadedEditorAssemblies (2ms)
			RefreshPlugins (0ms)
			BeforeProcessingInitializeOnLoad (62ms)
			ProcessInitializeOnLoadAttributes (262ms)
			ProcessInitializeOnLoadMethodAttributes (64ms)
			AfterProcessingInitializeOnLoad (3ms)
			EditorAssembliesLoaded (0ms)
		ExecutionOrderSort2 (0ms)
		AwakeInstancesAfterBackupRestoration (4ms)
Shader 'Oculus/OVRMRCameraFrameLit': fallback shader 'Alpha-Diffuse' not found
Launched and connected shader compiler UnityShaderCompiler.exe after 0.02 seconds
Refreshing native plugins compatible for Editor in 11.23 ms, found 16 plugins.
Preloading 2 native plugins for Editor in 0.04 ms.
Unloading 8190 Unused Serialized files (Serialized files now loaded: 0)
Unloading 163 unused Assets / (0.5 MB). Loaded Objects now: 8619.
Memory consumption went from 314.9 MB to 314.4 MB.
Total: 3.961700 ms (FindLiveObjects: 0.441900 ms CreateObjectMapping: 0.150700 ms MarkObjects: 3.071500 ms  DeleteObjects: 0.296600 ms)

AssetImportParameters requested are different than current active one (requested -> active):
  custom:container-demuxer-ogg: 62fdf1f143b41e24485cea50d1cbac27 -> 
  custom:framework-win-MediaFoundation: 216162199b28c13a410421893ffa2e32 -> 
  custom:container-muxer-webm: aa71ff27fc2769a1b78a27578f13a17b -> 
  custom:video-decoder-webm-vp8: 9c59270c3fd7afecdb556c50c9e8de78 -> 
  custom:SearchIndexIgnoredProperties: e643bd26f0fe6173181afceb89e7c659 -> 
  custom:AudioImporter_EditorPlatform: d09bf68614088b80899f8185d706f6e7 -> 
  custom:audio-decoder-ogg-vorbis: bf7c407c2cedff20999df2af8eb42d56 -> 
  custom:audio-encoder-webm-vorbis: bf7c407c2cedff20999df2af8eb42d56 -> 
  custom:video-codec-MediaFoundation-h265: 746d11721c4dcdbdad8f713fa42b33f4 -> 
  custom:video-decoder-ogg-theora: a1e56fd34408186e4bbccfd4996cb3dc -> 
  custom:CustomObjectIndexerAttribute: 62b5816608c3102f162a1797e29626cf -> 
  custom:container-demuxer-webm: 4f35f7cbe854078d1ac9338744f61a02 -> 
  custom:video-encoder-webm-vp8: eb34c28f22e8b96e1ab97ce403110664 -> 
========================================================================
Received Import Request.
  Time since last request: 814744.278367 seconds.
  path: Assets/moregolfcourses/third course
  artifactKey: Guid(84c004a28f07d0f4f943df08a3ebf3d5) Importer(815301076,1909f56bfc062723c751e8b465ee728b)
Start importing Assets/moregolfcourses/third course using Guid(84c004a28f07d0f4f943df08a3ebf3d5) Importer(815301076,1909f56bfc062723c751e8b465ee728b)  -> (artifact id: '686b1e16bea4198f6e895d04799205e0') in 0.001912 seconds
Number of updated asset objects reloaded before import = 0
Number of asset objects unloaded after import = 0
========================================================================
Received Import Request.
  Time since last request: 16.109989 seconds.
  path: Assets/moregolfcourses/third course/course4_hole17.fbx
  artifactKey: Guid(986da17ac8e214c4d8d2dbcaea410f5a) Importer(815301076,1909f56bfc062723c751e8b465ee728b)
Start importing Assets/moregolfcourses/third course/course4_hole17.fbx using Guid(986da17ac8e214c4d8d2dbcaea410f5a) Importer(815301076,1909f56bfc062723c751e8b465ee728b)  -> (artifact id: '430ae2862ed8b0270989edcdc12f2a69') in 0.271792 seconds
Number of updated asset objects reloaded before import = 0
Number of asset objects unloaded after import = 44
========================================================================
Received Import Request.
  Time since last request: 16.559578 seconds.
  path: Assets/moregolfcourses/third course/course4_hole17.fbx
  artifactKey: Guid(986da17ac8e214c4d8d2dbcaea410f5a) Importer(815301076,1909f56bfc062723c751e8b465ee728b)
Start importing Assets/moregolfcourses/third course/course4_hole17.fbx using Guid(986da17ac8e214c4d8d2dbcaea410f5a) Importer(815301076,1909f56bfc062723c751e8b465ee728b)  -> (artifact id: '4af802e6d92e93f5afa141b2835324b4') in 0.070571 seconds
Number of updated asset objects reloaded before import = 0
Number of asset objects unloaded after import = 45
========================================================================
Received Import Request.
  Time since last request: 0.000016 seconds.
  path: Assets/moregolfcourses/third course/goal.jpg
  artifactKey: Guid(a9b0275a61b13ec41950a3616336dd9c) Importer(815301076,1909f56bfc062723c751e8b465ee728b)
Start importing Assets/moregolfcourses/third course/goal.jpg using Guid(a9b0275a61b13ec41950a3616336dd9c) Importer(815301076,1909f56bfc062723c751e8b465ee728b)  -> (artifact id: 'ff1ee4f950b55e92977028a199dd08bd') in 0.014804 seconds
Number of updated asset objects reloaded before import = 0
Number of asset objects unloaded after import = 2
========================================================================
Received Import Request.
  Time since last request: 784.648085 seconds.
  path: Assets/scripts/GolfBall.cs
  artifactKey: Guid(702404d086f12ad42b4248520d94ba61) Importer(815301076,1909f56bfc062723c751e8b465ee728b)
Start importing Assets/scripts/GolfBall.cs using Guid(702404d086f12ad42b4248520d94ba61) Importer(815301076,1909f56bfc062723c751e8b465ee728b)  -> (artifact id: '520d70782a81e2f1bcfc732193d42caf') in 0.000760 seconds
Number of updated asset objects reloaded before import = 0
Number of asset objects unloaded after import = 0
========================================================================
Received Import Request.
  Time since last request: 1596.081841 seconds.
  path: Assets/materials
  artifactKey: Guid(f73a08c848d2d734bb4eda6eeeef0ac5) Importer(815301076,1909f56bfc062723c751e8b465ee728b)
Start importing Assets/materials using Guid(f73a08c848d2d734bb4eda6eeeef0ac5) Importer(815301076,1909f56bfc062723c751e8b465ee728b)  -> (artifact id: 'd1277ce34e5971c61afc52b24cdec914') in 0.000678 seconds
Number of updated asset objects reloaded before import = 0
Number of asset objects unloaded after import = 0
========================================================================
Received Import Request.
  Time since last request: 0.013579 seconds.
  path: Assets/materials/grass.mat
  artifactKey: Guid(f191a07fa10b76e4eb96a1f9f6ef0df1) Importer(815301076,1909f56bfc062723c751e8b465ee728b)
Start importing Assets/materials/grass.mat using Guid(f191a07fa10b76e4eb96a1f9f6ef0df1) Importer(815301076,1909f56bfc062723c751e8b465ee728b)  -> (artifact id: 'd42051ed154d1f1f7a80494352c29594') in 0.023010 seconds
Number of updated asset objects reloaded before import = 0
Number of asset objects unloaded after import = 2
========================================================================
Received Import Request.
  Time since last request: 0.001128 seconds.
  path: Assets/materials/New Material 1.mat
  artifactKey: Guid(d219ee7b95f716d4f905f7b195ba8d35) Importer(815301076,1909f56bfc062723c751e8b465ee728b)
Start importing Assets/materials/New Material 1.mat using Guid(d219ee7b95f716d4f905f7b195ba8d35) Importer(815301076,1909f56bfc062723c751e8b465ee728b)  -> (artifact id: '14d024a18c288ccc06b514cdbf51e9b9') in 0.013604 seconds
Number of updated asset objects reloaded before import = 0
Number of asset objects unloaded after import = 2
========================================================================
Received Import Request.
  Time since last request: 0.000019 seconds.
  path: Assets/materials/New Material 3 Variant.mat
  artifactKey: Guid(d53de828012408e4f9aab37e37ec816a) Importer(815301076,1909f56bfc062723c751e8b465ee728b)
Start importing Assets/materials/New Material 3 Variant.mat using Guid(d53de828012408e4f9aab37e37ec816a) Importer(815301076,1909f56bfc062723c751e8b465ee728b)  -> (artifact id: '4cad35592e39db1df280742070d149a7') in 0.011624 seconds
Number of updated asset objects reloaded before import = 0
Number of asset objects unloaded after import = 3
========================================================================
Received Import Request.
  Time since last request: 0.000026 seconds.
  path: Assets/materials/TCom_Sand_Muddy2_2x2_4K_height.tif
  artifactKey: Guid(b809809c60bb5484c877f97fa8a68830) Importer(815301076,1909f56bfc062723c751e8b465ee728b)
Start importing Assets/materials/TCom_Sand_Muddy2_2x2_4K_height.tif using Guid(b809809c60bb5484c877f97fa8a68830) Importer(815301076,1909f56bfc062723c751e8b465ee728b)  -> (artifact id: '21c1e46032af4d4abe7457e6921a1afa') in 0.018279 seconds
Number of updated asset objects reloaded before import = 0
Number of asset objects unloaded after import = 2
========================================================================
Received Import Request.
  Time since last request: 0.000015 seconds.
  path: Assets/materials/New Material 3.mat
  artifactKey: Guid(23e0004ba0bf6b94b9281a2c5f69011d) Importer(815301076,1909f56bfc062723c751e8b465ee728b)
Start importing Assets/materials/New Material 3.mat using Guid(23e0004ba0bf6b94b9281a2c5f69011d) Importer(815301076,1909f56bfc062723c751e8b465ee728b)  -> (artifact id: '68221843e0e4fa4d3ad0016f3b7d31cd') in 0.013888 seconds
Number of updated asset objects reloaded before import = 0
Number of asset objects unloaded after import = 2
========================================================================
Received Import Request.
  Time since last request: 0.000015 seconds.
  path: Assets/materials/TCom_Sand_Muddy2_2x2_4K_albedo.tif
  artifactKey: Guid(369b9f55caed831449ebcc02c2cee37a) Importer(815301076,1909f56bfc062723c751e8b465ee728b)
Start importing Assets/materials/TCom_Sand_Muddy2_2x2_4K_albedo.tif using Guid(369b9f55caed831449ebcc02c2cee37a) Importer(815301076,1909f56bfc062723c751e8b465ee728b)  -> (artifact id: '2062703cfb06ce0d26a90ebd850e7d5b') in 0.015579 seconds
Number of updated asset objects reloaded before import = 0
Number of asset objects unloaded after import = 2
========================================================================
Received Import Request.
  Time since last request: 0.000022 seconds.
  path: Assets/materials/New Material 2.mat
  artifactKey: Guid(31444ade4193c53418794bbce9449674) Importer(815301076,1909f56bfc062723c751e8b465ee728b)
Start importing Assets/materials/New Material 2.mat using Guid(31444ade4193c53418794bbce9449674) Importer(815301076,1909f56bfc062723c751e8b465ee728b)  -> (artifact id: '06a029c76cde2eff7644d782c868a3c2') in 0.016412 seconds
Number of updated asset objects reloaded before import = 0
Number of asset objects unloaded after import = 2
========================================================================
Received Import Request.
  Time since last request: 0.000015 seconds.
  path: Assets/materials/TCom_Sand_Muddy2_2x2_4K_ao.tif
  artifactKey: Guid(05229c92f68d2db40bae10ce0fed1392) Importer(815301076,1909f56bfc062723c751e8b465ee728b)
Start importing Assets/materials/TCom_Sand_Muddy2_2x2_4K_ao.tif using Guid(05229c92f68d2db40bae10ce0fed1392) Importer(815301076,1909f56bfc062723c751e8b465ee728b)  -> (artifact id: 'bfd59251f43bb35870f3b8cecfeba86b') in 0.013745 seconds
Number of updated asset objects reloaded before import = 0
Number of asset objects unloaded after import = 2
========================================================================
Received Import Request.
  Time since last request: 0.000016 seconds.
  path: Assets/materials/TCom_Sand_Muddy2_2x2_4K_roughness.tif
  artifactKey: Guid(18d7eb6034073184b9ab52b98fca518a) Importer(815301076,1909f56bfc062723c751e8b465ee728b)
Start importing Assets/materials/TCom_Sand_Muddy2_2x2_4K_roughness.tif using Guid(18d7eb6034073184b9ab52b98fca518a) Importer(815301076,1909f56bfc062723c751e8b465ee728b)  -> (artifact id: '4cee4031a34bc3f160a2a867776fe89e') in 0.015897 seconds
Number of updated asset objects reloaded before import = 0
Number of asset objects unloaded after import = 2
========================================================================
Received Import Request.
  Time since last request: 0.000016 seconds.
  path: Assets/materials/TCom_Sand_Muddy2_2x2_4K_normal.tif
  artifactKey: Guid(bd11941a2adf0344cb63f1e19b09f44f) Importer(815301076,1909f56bfc062723c751e8b465ee728b)
Start importing Assets/materials/TCom_Sand_Muddy2_2x2_4K_normal.tif using Guid(bd11941a2adf0344cb63f1e19b09f44f) Importer(815301076,1909f56bfc062723c751e8b465ee728b)  -> (artifact id: '13330cb671b58587cee433d0237ddc2b') in 0.014924 seconds
Number of updated asset objects reloaded before import = 0
Number of asset objects unloaded after import = 2
========================================================================
Received Import Request.
  Time since last request: 0.000017 seconds.
  path: Assets/materials/New Material 4.mat
  artifactKey: Guid(7ea8488ba60144441a9bf62a9019521e) Importer(815301076,1909f56bfc062723c751e8b465ee728b)
Start importing Assets/materials/New Material 4.mat using Guid(7ea8488ba60144441a9bf62a9019521e) Importer(815301076,1909f56bfc062723c751e8b465ee728b)  -> (artifact id: '66a76988d847fbe42877cd6d5171e07e') in 0.012696 seconds
Number of updated asset objects reloaded before import = 0
Number of asset objects unloaded after import = 2
========================================================================
Received Import Request.
  Time since last request: 28.405852 seconds.
  path: Assets/materials/New Material 5.mat
  artifactKey: Guid(c198744a57f71a448a42867baf82fcb5) Importer(815301076,1909f56bfc062723c751e8b465ee728b)
Start importing Assets/materials/New Material 5.mat using Guid(c198744a57f71a448a42867baf82fcb5) Importer(815301076,1909f56bfc062723c751e8b465ee728b)  -> (artifact id: 'af0aa0b18580ac6fc74f862690769843') in 0.009261 seconds
Number of updated asset objects reloaded before import = 0
Number of asset objects unloaded after import = 2
========================================================================
Received Import Request.
  Time since last request: 8.190109 seconds.
  path: Assets/materials/powerup.mat
  artifactKey: Guid(c198744a57f71a448a42867baf82fcb5) Importer(815301076,1909f56bfc062723c751e8b465ee728b)
Start importing Assets/materials/powerup.mat using Guid(c198744a57f71a448a42867baf82fcb5) Importer(815301076,1909f56bfc062723c751e8b465ee728b)  -> (artifact id: '874df1daab87d2c6fa6a34b7099691a0') in 0.012854 seconds
Number of updated asset objects reloaded before import = 0
Number of asset objects unloaded after import = 2
========================================================================
Received Import Request.
  Time since last request: 140.134379 seconds.
  path: Assets/scripts
  artifactKey: Guid(46a4c2abc72f9ee43a7e4ce9e19fee55) Importer(815301076,1909f56bfc062723c751e8b465ee728b)
Start importing Assets/scripts using Guid(46a4c2abc72f9ee43a7e4ce9e19fee55) Importer(815301076,1909f56bfc062723c751e8b465ee728b)  -> (artifact id: '3e45a1d37cf4b1d00b6d172ed0ae0a48') in 0.000458 seconds
Number of updated asset objects reloaded before import = 0
Number of asset objects unloaded after import = 0
========================================================================
Received Import Request.
  Time since last request: 10.160153 seconds.
  path: Assets/scripts/Speedpowerup.cs
  artifactKey: Guid(dae0b8b88a1c2d64f89c934e97448953) Importer(815301076,1909f56bfc062723c751e8b465ee728b)
Start importing Assets/scripts/Speedpowerup.cs using Guid(dae0b8b88a1c2d64f89c934e97448953) Importer(815301076,1909f56bfc062723c751e8b465ee728b)  -> (artifact id: 'f0ac1457b1a027b4de4b6974e3ee9412') in 0.000385 seconds
Number of updated asset objects reloaded before import = 0
Number of asset objects unloaded after import = 0
========================================================================
Received Prepare
Begin MonoManager ReloadAssembly
- Loaded All Assemblies, in  0.337 seconds
Refreshing native plugins compatible for Editor in 8.95 ms, found 16 plugins.
Native extension for WindowsStandalone target not found
[Package Manager] Server::EnsureServerProcessIsRunning -- launch failed, reason: Unity was launched with the -noUpm command-line argument
[Package Manager] UpmClient::Send -- Unable to send message (not connected to UPM process).
[Package Manager] Cannot connect to Unity Package Manager local server
[Package Manager] Server::EnsureServerProcessIsRunning -- launch failed, reason: Unity was launched with the -noUpm command-line argument
[Package Manager] UpmClient::Send -- Unable to send message (not connected to UPM process).
[Package Manager] Cannot connect to Unity Package Manager local server
[Package Manager] Server::EnsureServerProcessIsRunning -- launch failed, reason: Unity was launched with the -noUpm command-line argument
[Package Manager] UpmClient::Send -- Unable to send message (not connected to UPM process).
[Package Manager] Cannot connect to Unity Package Manager local server
Mono: successfully reloaded assembly
[Package Manager] Server::EnsureServerProcessIsRunning -- launch failed, reason: Unity was launched with the -noUpm command-line argument
[Package Manager] UpmClient::Send -- Unable to send message (not connected to UPM process).
[Package Manager] Cannot connect to Unity Package Manager local server
- Finished resetting the current domain, in  0.692 seconds
Domain Reload Profiling: 1027ms
	BeginReloadAssembly (113ms)
		ExecutionOrderSort (0ms)
		DisableScriptedObjects (6ms)
		BackupInstance (0ms)
		ReleaseScriptingObjects (0ms)
		CreateAndSetChildDomain (35ms)
	RebuildCommonClasses (18ms)
	RebuildNativeTypeToScriptingClass (6ms)
	initialDomainReloadingComplete (16ms)
	LoadAllAssembliesAndSetupDomain (182ms)
		LoadAssemblies (180ms)
		RebuildTransferFunctionScriptingTraits (0ms)
		AnalyzeDomain (47ms)
			TypeCache.Refresh (12ms)
				TypeCache.ScanAssembly (2ms)
			ScanForSourceGeneratedMonoScriptInfo (21ms)
			ResolveRequiredComponents (13ms)
	FinalizeReload (692ms)
		ReleaseScriptCaches (0ms)
		RebuildScriptCaches (0ms)
		SetupLoadedEditorAssemblies (326ms)
			LogAssemblyErrors (0ms)
			InitializePlatformSupportModulesInManaged (3ms)
			SetLoadedEditorAssemblies (4ms)
			RefreshPlugins (0ms)
			BeforeProcessingInitializeOnLoad (53ms)
			ProcessInitializeOnLoadAttributes (217ms)
			ProcessInitializeOnLoadMethodAttributes (47ms)
			AfterProcessingInitializeOnLoad (3ms)
			EditorAssembliesLoaded (0ms)
		ExecutionOrderSort2 (0ms)
		AwakeInstancesAfterBackupRestoration (10ms)
Shader 'Oculus/OVRMRCameraFrameLit': fallback shader 'Alpha-Diffuse' not found
Refreshing native plugins compatible for Editor in 8.40 ms, found 16 plugins.
Preloading 2 native plugins for Editor in 0.04 ms.
Unloading 7923 Unused Serialized files (Serialized files now loaded: 0)
Unloading 118 unused Assets / (492.2 KB). Loaded Objects now: 8710.
Memory consumption went from 270.8 MB to 270.3 MB.
Total: 3.854900 ms (FindLiveObjects: 0.405900 ms CreateObjectMapping: 0.156000 ms MarkObjects: 3.038300 ms  DeleteObjects: 0.253900 ms)

Prepare: number of updated asset objects reloaded= 0
AssetImportParameters requested are different than current active one (requested -> active):
  custom:container-demuxer-ogg: 62fdf1f143b41e24485cea50d1cbac27 -> 
  custom:framework-win-MediaFoundation: 216162199b28c13a410421893ffa2e32 -> 
  custom:container-muxer-webm: aa71ff27fc2769a1b78a27578f13a17b -> 
  custom:video-decoder-webm-vp8: 9c59270c3fd7afecdb556c50c9e8de78 -> 
  custom:SearchIndexIgnoredProperties: e643bd26f0fe6173181afceb89e7c659 -> 
  custom:AudioImporter_EditorPlatform: d09bf68614088b80899f8185d706f6e7 -> 
  custom:audio-decoder-ogg-vorbis: bf7c407c2cedff20999df2af8eb42d56 -> 
  custom:audio-encoder-webm-vorbis: bf7c407c2cedff20999df2af8eb42d56 -> 
  custom:video-codec-MediaFoundation-h265: 746d11721c4dcdbdad8f713fa42b33f4 -> 
  custom:video-decoder-ogg-theora: a1e56fd34408186e4bbccfd4996cb3dc -> 
  custom:CustomObjectIndexerAttribute: 62b5816608c3102f162a1797e29626cf -> 
  custom:container-demuxer-webm: 4f35f7cbe854078d1ac9338744f61a02 -> 
  custom:video-encoder-webm-vp8: eb34c28f22e8b96e1ab97ce403110664 -> 
